cuequivariance or cuequivariance_torch is not available. Cuequivariance acceleration will be disabled.
2025-08-12 14:36:41.855 INFO: ===========VERIFYING SETTINGS===========
2025-08-12 14:36:41.857 INFO: MACE version: 0.3.14
2025-08-12 14:36:41.857 INFO: Using CPU
2025-08-12 14:36:42.099 INFO: ===========LOADING INPUT DATA===========
2025-08-12 14:36:42.099 INFO: Using heads: ['Default']
2025-08-12 14:36:42.099 INFO: Using the key specifications to parse data:
2025-08-12 14:36:42.099 INFO: Default: KeySpecification(info_keys={'energy': 'REF_energy', 'stress': 'REF_stress', 'virials': 'REF_virials', 'dipole': 'dipole', 'head': 'head', 'elec_temp': 'elec_temp', 'total_charge': 'charge', 'polarizability': 'polarizability', 'total_spin': 'total_spin'}, arrays_keys={'forces': 'REF_forces', 'charges': 'REF_charges'})
2025-08-12 14:36:42.099 INFO: =============    Processing head Default     ===========
2025-08-12 14:36:42.180 INFO: Training set 1/1 [energy: 503, stress: 0, virials: 0, dipole components: 0, head: 503, elec_temp: 0, total_charge: 503, polarizability: 0, total_spin: 0, forces: 503, charges: 0]
2025-08-12 14:36:42.182 INFO: Total Training set [energy: 503, stress: 0, virials: 0, dipole components: 0, head: 503, elec_temp: 0, total_charge: 503, polarizability: 0, total_spin: 0, forces: 503, charges: 0]
2025-08-12 14:36:42.182 INFO: No validation set provided, splitting training data instead.
2025-08-12 14:36:42.186 INFO: Using random 10% of training set for validation with indices saved in: ./valid_indices_123.txt
2025-08-12 14:36:42.187 INFO: Random Split Training set [energy: 453, stress: 0, virials: 0, dipole components: 0, head: 453, elec_temp: 0, total_charge: 453, polarizability: 0, total_spin: 0, forces: 453, charges: 0]
2025-08-12 14:36:42.188 INFO: Random Split Validation set [energy: 50, stress: 0, virials: 0, dipole components: 0, head: 50, elec_temp: 0, total_charge: 50, polarizability: 0, total_spin: 0, forces: 50, charges: 0]
2025-08-12 14:36:42.216 INFO: Test set 1/1 [energy: 172, stress: 0, virials: 0, dipole components: 0, head: 172, elec_temp: 0, total_charge: 172, polarizability: 0, total_spin: 0, forces: 172, charges: 0]
2025-08-12 14:36:42.217 INFO: Total Test set [energy: 172, stress: 0, virials: 0, dipole components: 0, head: 172, elec_temp: 0, total_charge: 172, polarizability: 0, total_spin: 0, forces: 172, charges: 0]
2025-08-12 14:36:42.217 INFO: Total number of configurations: train=453, valid=50, tests=[Default_Default: 172],
2025-08-12 14:36:42.218 INFO: Atomic Numbers used: [12]
2025-08-12 14:36:42.218 INFO: Isolated Atomic Energies (E0s) not in training file, using command line argument
2025-08-12 14:36:42.218 INFO: Computing average Atomic Energies using least squares regression
2025-08-12 14:36:42.236 INFO: Atomic Energies used (z: eV) for head Default: {12: -22.483892011598698}
2025-08-12 14:36:42.236 INFO: Processing datasets for head 'Default'
2025-08-12 14:36:42.738 INFO: Combining 1 list datasets for head 'Default'
2025-08-12 14:36:42.805 INFO: Head 'Default' training dataset size: 453
2025-08-12 14:36:42.805 INFO: Computing average number of neighbors
2025-08-12 14:36:43.183 INFO: Average number of neighbors: 8.775974025974026
2025-08-12 14:36:43.183 INFO: During training the following quantities will be reported: energy, forces
2025-08-12 14:36:43.183 INFO: ===========MODEL DETAILS===========
2025-08-12 14:36:43.543 INFO: Using embedding specifications from command line arguments
2025-08-12 14:36:43.543 INFO: Embedding specifications: {'total_charge': {'type': 'continuous', 'per': 'graph', 'in_dim': 1, 'emb_dim': 128, 'min': -3, 'max': 3}}
2025-08-12 14:36:43.544 INFO: Building model
2025-08-12 14:36:43.544 INFO: Message passing with 128 channels and max_L=1 (128x0e+128x1o)
2025-08-12 14:36:43.544 INFO: 2 layers, each with correlation order: 3 (body order: 4) and spherical harmonics up to: l=3
2025-08-12 14:36:43.544 INFO: 8 radial and 5 basis functions
2025-08-12 14:36:43.544 INFO: Radial cutoff: 9.0 A (total receptive field for each atom: 18.0 A)
2025-08-12 14:36:43.544 INFO: Distance transform for radial basis functions: None
2025-08-12 14:36:43.544 INFO: Hidden irreps: 128x0e+128x1o
2025-08-12 14:36:44.668 INFO: Total number of parameters: 591888
2025-08-12 14:36:44.668 INFO: 
2025-08-12 14:36:44.668 INFO: ===========OPTIMIZER INFORMATION===========
2025-08-12 14:36:44.668 INFO: Using ADAM as parameter optimizer
2025-08-12 14:36:44.668 INFO: Batch size: 32
2025-08-12 14:36:44.668 INFO: Using Exponential Moving Average with decay: 0.99
2025-08-12 14:36:44.668 INFO: Number of gradient updates: 2831
2025-08-12 14:36:44.668 INFO: Learning rate: 0.01, weight decay: 5e-07
2025-08-12 14:36:44.668 INFO: WeightedEnergyForcesLoss(energy_weight=1.000, forces_weight=100.000)
2025-08-12 14:36:44.683 INFO: Using gradient clipping with tolerance=10.000
2025-08-12 14:36:44.684 INFO: 
2025-08-12 14:36:44.684 INFO: ===========TRAINING===========
2025-08-12 14:36:44.684 INFO: Started training, reporting errors on validation set
2025-08-12 14:36:44.684 INFO: Loss metrics on validation set
2025-08-12 14:36:46.155 INFO: Initial: head: Default, loss=0.01106554, MAE_E= 3418.04 meV, MAE_F=    0.06 meV / A
2025-08-12 14:36:58.008 INFO: Epoch 0: head: Default, loss=0.00262377, MAE_E= 2488.45 meV, MAE_F=    0.06 meV / A
2025-08-12 14:37:10.833 INFO: Epoch 1: head: Default, loss=0.00017298, MAE_E=  584.66 meV, MAE_F=    0.06 meV / A
2025-08-12 14:37:24.441 INFO: Epoch 2: head: Default, loss=0.00010396, MAE_E=  444.14 meV, MAE_F=    0.06 meV / A
2025-08-12 14:37:37.756 INFO: Epoch 3: head: Default, loss=0.00010374, MAE_E=  441.93 meV, MAE_F=    0.06 meV / A
2025-08-12 14:37:51.181 INFO: Epoch 4: head: Default, loss=0.00007831, MAE_E=  391.46 meV, MAE_F=    0.06 meV / A
2025-08-12 14:38:04.725 INFO: Epoch 5: head: Default, loss=0.00009259, MAE_E=  420.73 meV, MAE_F=    0.06 meV / A
2025-08-12 14:38:18.431 INFO: Epoch 6: head: Default, loss=0.00007779, MAE_E=  396.68 meV, MAE_F=    0.06 meV / A
2025-08-12 14:38:31.552 INFO: Epoch 7: head: Default, loss=0.00007939, MAE_E=  397.49 meV, MAE_F=    0.06 meV / A
2025-08-12 14:38:45.531 INFO: Epoch 8: head: Default, loss=0.00007694, MAE_E=  392.25 meV, MAE_F=    0.06 meV / A
2025-08-12 14:38:58.964 INFO: Epoch 9: head: Default, loss=0.00008156, MAE_E=  401.71 meV, MAE_F=    0.06 meV / A
2025-08-12 14:39:12.557 INFO: Epoch 10: head: Default, loss=0.00008398, MAE_E=  405.60 meV, MAE_F=    0.06 meV / A
2025-08-12 14:39:25.910 INFO: Epoch 11: head: Default, loss=0.00007793, MAE_E=  402.26 meV, MAE_F=    0.06 meV / A
2025-08-12 14:39:38.785 INFO: Epoch 12: head: Default, loss=0.00008323, MAE_E=  410.66 meV, MAE_F=    0.06 meV / A
2025-08-12 14:39:52.207 INFO: Epoch 13: head: Default, loss=0.00008727, MAE_E=  417.30 meV, MAE_F=    0.06 meV / A
2025-08-12 14:40:05.541 INFO: Epoch 14: head: Default, loss=0.00008243, MAE_E=  403.90 meV, MAE_F=    0.06 meV / A
2025-08-12 14:40:19.139 INFO: Epoch 15: head: Default, loss=0.00008310, MAE_E=  408.38 meV, MAE_F=    0.06 meV / A
2025-08-12 14:40:32.615 INFO: Epoch 16: head: Default, loss=0.00007939, MAE_E=  400.84 meV, MAE_F=    0.06 meV / A
2025-08-12 14:40:45.879 INFO: Epoch 17: head: Default, loss=0.00008391, MAE_E=  406.23 meV, MAE_F=    0.06 meV / A
2025-08-12 14:40:59.283 INFO: Epoch 18: head: Default, loss=0.00008128, MAE_E=  402.36 meV, MAE_F=    0.06 meV / A
2025-08-12 14:41:12.606 INFO: Epoch 19: head: Default, loss=0.00008261, MAE_E=  406.18 meV, MAE_F=    0.06 meV / A
2025-08-12 14:41:26.172 INFO: Epoch 20: head: Default, loss=0.00008173, MAE_E=  400.47 meV, MAE_F=    0.06 meV / A
2025-08-12 14:41:39.027 INFO: Epoch 21: head: Default, loss=0.00008157, MAE_E=  399.68 meV, MAE_F=    0.06 meV / A
2025-08-12 14:41:52.183 INFO: Epoch 22: head: Default, loss=0.00008023, MAE_E=  400.78 meV, MAE_F=    0.06 meV / A
2025-08-12 14:42:05.438 INFO: Epoch 23: head: Default, loss=0.00008117, MAE_E=  401.71 meV, MAE_F=    0.06 meV / A
2025-08-12 14:42:18.627 INFO: Epoch 24: head: Default, loss=0.00008108, MAE_E=  400.97 meV, MAE_F=    0.06 meV / A
2025-08-12 14:42:31.721 INFO: Epoch 25: head: Default, loss=0.00008093, MAE_E=  399.76 meV, MAE_F=    0.06 meV / A
2025-08-12 14:42:44.459 INFO: Epoch 26: head: Default, loss=0.00008104, MAE_E=  401.51 meV, MAE_F=    0.06 meV / A
2025-08-12 14:42:57.737 INFO: Epoch 27: head: Default, loss=0.00008245, MAE_E=  404.39 meV, MAE_F=    0.06 meV / A
2025-08-12 14:43:11.040 INFO: Epoch 28: head: Default, loss=0.00008081, MAE_E=  400.19 meV, MAE_F=    0.06 meV / A
2025-08-12 14:43:11.041 INFO: Stopping optimization after 20 epochs without improvement
2025-08-12 14:43:11.041 INFO: Training complete
2025-08-12 14:43:11.042 INFO: 
2025-08-12 14:43:11.042 INFO: ===========RESULTS===========
2025-08-12 14:43:11.247 INFO: Loading checkpoint: ./checkpoints/MACE_boot_1_run-123_epoch-8.pt
2025-08-12 14:43:11.270 INFO: Loaded Stage one model from epoch 8 for evaluation
2025-08-12 14:43:11.270 INFO: Saving model to checkpoints/MACE_boot_1_run-123.model
2025-08-12 14:43:11.460 INFO: Compiling model, saving metadata to MACE_boot_1_compiled.model
2025-08-12 14:43:12.019 INFO: Computing metrics for training, validation, and test sets
2025-08-12 14:43:12.020 INFO: Skipping evaluation for heads: ['pt_head']
2025-08-12 14:43:12.020 INFO: Evaluating train_Default ...
2025-08-12 14:43:16.878 INFO: Evaluating valid_Default ...
2025-08-12 14:43:18.843 INFO: Error-table on TRAIN and VALID:
+---------------+-------------+-----------------+------------------+
|  config_type  | MAE E / meV | MAE F / meV / A | relative F MAE % |
+---------------+-------------+-----------------+------------------+
| train_Default |      394.8  |          0.1    |       100.05     |
| valid_Default |      392.2  |          0.1    |       100.04     |
+---------------+-------------+-----------------+------------------+
2025-08-12 14:43:18.844 INFO: Evaluating Default_Default ...
2025-08-12 14:43:21.613 INFO: Error-table on TEST:
+-----------------+-------------+-----------------+------------------+
|   config_type   | MAE E / meV | MAE F / meV / A | relative F MAE % |
+-----------------+-------------+-----------------+------------------+
| Default_Default |     2216.4  |          0.1    |       100.05     |
+-----------------+-------------+-----------------+------------------+
2025-08-12 14:43:23.241 INFO: Done

============================= JOB FEEDBACK =============================

NodeName=uc3n010
Job ID: 1117788
Cluster: uc3
User/Group: ka_ds7488/ka_iti
State: COMPLETED (exit code 0)
Nodes: 1
Cores per node: 96
CPU Utilized: 04:21:06
CPU Efficiency: 36.10% of 12:03:12 core-walltime
Job Wall-clock time: 00:07:32
Memory Utilized: 5.76 GB
Memory Efficiency: 17.99% of 32.00 GB (32.00 GB/node)
