2025-08-12 14:36:41.855 INFO: ===========VERIFYING SETTINGS===========
2025-08-12 14:36:41.857 INFO: MACE version: 0.3.14
2025-08-12 14:36:41.857 DEBUG: Configuration: Namespace(config='Mg11_config.yaml', name='MACE_boot_1', seed=123, work_dir='.', log_dir='./logs', model_dir='.', checkpoints_dir='./checkpoints', results_dir='MACE_Mg11', downloads_dir='./downloads', device='cpu', default_dtype='float64', distributed=False, launcher='slurm', log_level='INFO', plot=True, plot_frequency=0, plot_interaction_e=False, error_table='TotalMAE', model='MACE', r_max=9.0, radial_type='bessel', num_radial_basis=8, num_cutoff_basis=5, pair_repulsion=False, distance_transform='None', apply_cutoff=True, use_last_readout_only=False, use_embedding_readout=True, interaction='RealAgnosticResidualInteractionBlock', interaction_first='RealAgnosticResidualInteractionBlock', max_ell=3, correlation=3, use_reduced_cg=False, use_so3=False, use_agnostic_product=False, num_interactions=2, MLP_irreps='16x0e', radial_MLP='[64, 64, 64]', hidden_irreps=128x0e+128x1o, edge_irreps=None, num_channels=128, max_L=1, gate='silu', scaling='rms_forces_scaling', avg_num_neighbors=1, compute_avg_num_neighbors=True, compute_stress=False, compute_forces=True, compute_polarizability=<function str2bool at 0x151357fee700>, compute_atomic_dipole=<function str2bool at 0x151357fee700>, train_file='Mg11_train_main_boot_1.xyz', valid_file=None, valid_fraction=0.1, test_file='Mg11_test.xyz', test_dir=None, multi_processed_test=False, num_workers=16, pin_memory=True, atomic_numbers=None, mean=None, std=None, statistics_file=None, les_arguments=None, E0s='average', pseudolabel_replay=False, foundation_filter_elements=True, heads=None, multiheads_finetuning=True, foundation_head=None, weight_pt_head=1.0, real_pt_data_ratio_threshold=0.1, num_samples_pt=10000, force_mh_ft_lr=False, subselect_pt='random', filter_type_pt='none', allow_random_padding_pt=True, pt_train_file=None, pt_valid_file=None, foundation_model_elements=False, keep_isolated_atoms=False, energy_key='REF_energy', forces_key='REF_forces', virials_key='REF_virials', stress_key='REF_stress', dipole_key='dipole', polarizability_key='polarizability', head_key='head', charges_key='REF_charges', elec_temp_key='elec_temp', total_spin_key='total_spin', total_charge_key='charge', embedding_specs="{'total_charge': {'type': 'continuous', 'per': 'graph', 'in_dim': 1, 'emb_dim': 128, 'min': -3, 'max': 3}}", skip_evaluate_heads='pt_head', loss='weighted', forces_weight=100.0, swa_forces_weight=100.0, energy_weight=1.0, swa_energy_weight=1000.0, virials_weight=1.0, swa_virials_weight=10.0, stress_weight=1.0, swa_stress_weight=10.0, dipole_weight=1.0, swa_dipole_weight=1.0, swa_polarizability_weight=1.0, polarizability_weight=1.0, config_type_weights='{"Default":1.0}', huber_delta=0.01, optimizer='adam', beta=0.9, batch_size=32, valid_batch_size=32, lr=0.01, swa_lr=0.001, weight_decay=5e-07, amsgrad=True, scheduler='ReduceLROnPlateau', lr_factor=0.8, scheduler_patience=50, lr_scheduler_gamma=0.9993, swa=False, start_swa=None, lbfgs=False, ema=True, ema_decay=0.99, max_num_epochs=200, patience=20, foundation_model=None, foundation_model_readout=True, eval_interval=1, keep_checkpoints=False, save_all_checkpoints=False, restart_latest=False, save_cpu=False, clip_grad=10.0, dry_run=False, enable_cueq=False, only_cueq=False, enable_oeq=False, wandb=False, wandb_dir=None, wandb_project='', wandb_entity='', wandb_name='', wandb_log_hypers=['num_channels', 'max_L', 'correlation', 'lr', 'swa_lr', 'weight_decay', 'batch_size', 'max_num_epochs', 'start_swa', 'energy_weight', 'forces_weight'], key_specification=KeySpecification(info_keys={'energy': 'REF_energy', 'stress': 'REF_stress', 'virials': 'REF_virials', 'dipole': 'dipole', 'head': 'head', 'elec_temp': 'elec_temp', 'total_charge': 'charge', 'polarizability': 'polarizability', 'total_spin': 'total_spin'}, arrays_keys={'forces': 'REF_forces', 'charges': 'REF_charges'}))
2025-08-12 14:36:41.857 INFO: Using CPU
2025-08-12 14:36:42.064 DEBUG: Popen(['git', 'version'], cwd=/pfs/data6/home/ka/ka_iti/ka_ds7488/ase_ger/GeneticAlgorithm/MACE_runs/boot_1, stdin=None, shell=False, universal_newlines=False)
2025-08-12 14:36:42.068 DEBUG: Popen(['git', 'version'], cwd=/pfs/data6/home/ka/ka_iti/ka_ds7488/ase_ger/GeneticAlgorithm/MACE_runs/boot_1, stdin=None, shell=False, universal_newlines=False)
2025-08-12 14:36:42.071 DEBUG: sys.platform='linux', git_executable='git'
2025-08-12 14:36:42.080 DEBUG: Popen(['git', 'cat-file', '--batch-check'], cwd=/pfs/data6/home/ka/ka_iti/ka_ds7488/ase_ger/GeneticAlgorithm, stdin=<valid stream>, shell=False, universal_newlines=False)
2025-08-12 14:36:42.099 DEBUG: Current Git commit: 7c326663af6d587488b63e39a7aad6563c9db0ea
2025-08-12 14:36:42.099 INFO: ===========LOADING INPUT DATA===========
2025-08-12 14:36:42.099 INFO: Using heads: ['Default']
2025-08-12 14:36:42.099 INFO: Using the key specifications to parse data:
2025-08-12 14:36:42.099 INFO: Default: KeySpecification(info_keys={'energy': 'REF_energy', 'stress': 'REF_stress', 'virials': 'REF_virials', 'dipole': 'dipole', 'head': 'head', 'elec_temp': 'elec_temp', 'total_charge': 'charge', 'polarizability': 'polarizability', 'total_spin': 'total_spin'}, arrays_keys={'forces': 'REF_forces', 'charges': 'REF_charges'})
2025-08-12 14:36:42.099 INFO: =============    Processing head Default     ===========
2025-08-12 14:36:42.101 DEBUG: Loading training file: Mg11_train_main_boot_1.xyz
2025-08-12 14:36:42.180 INFO: Training set 1/1 [energy: 503, stress: 0, virials: 0, dipole components: 0, head: 503, elec_temp: 0, total_charge: 503, polarizability: 0, total_spin: 0, forces: 503, charges: 0]
2025-08-12 14:36:42.182 INFO: Total Training set [energy: 503, stress: 0, virials: 0, dipole components: 0, head: 503, elec_temp: 0, total_charge: 503, polarizability: 0, total_spin: 0, forces: 503, charges: 0]
2025-08-12 14:36:42.182 INFO: No validation set provided, splitting training data instead.
2025-08-12 14:36:42.186 INFO: Using random 10% of training set for validation with indices saved in: ./valid_indices_123.txt
2025-08-12 14:36:42.187 INFO: Random Split Training set [energy: 453, stress: 0, virials: 0, dipole components: 0, head: 453, elec_temp: 0, total_charge: 453, polarizability: 0, total_spin: 0, forces: 453, charges: 0]
2025-08-12 14:36:42.188 INFO: Random Split Validation set [energy: 50, stress: 0, virials: 0, dipole components: 0, head: 50, elec_temp: 0, total_charge: 50, polarizability: 0, total_spin: 0, forces: 50, charges: 0]
2025-08-12 14:36:42.216 INFO: Test set 1/1 [energy: 172, stress: 0, virials: 0, dipole components: 0, head: 172, elec_temp: 0, total_charge: 172, polarizability: 0, total_spin: 0, forces: 172, charges: 0]
2025-08-12 14:36:42.217 INFO: Total Test set [energy: 172, stress: 0, virials: 0, dipole components: 0, head: 172, elec_temp: 0, total_charge: 172, polarizability: 0, total_spin: 0, forces: 172, charges: 0]
2025-08-12 14:36:42.217 INFO: Total number of configurations: train=453, valid=50, tests=[Default_Default: 172],
2025-08-12 14:36:42.218 INFO: Atomic Numbers used: [12]
2025-08-12 14:36:42.218 INFO: Isolated Atomic Energies (E0s) not in training file, using command line argument
2025-08-12 14:36:42.218 INFO: Computing average Atomic Energies using least squares regression
2025-08-12 14:36:42.236 INFO: Atomic Energies used (z: eV) for head Default: {12: -22.483892011598698}
2025-08-12 14:36:42.236 INFO: Processing datasets for head 'Default'
2025-08-12 14:36:42.737 DEBUG: Successfully loaded dataset from ASE files: ['Mg11_train_main_boot_1.xyz']
2025-08-12 14:36:42.738 INFO: Combining 1 list datasets for head 'Default'
2025-08-12 14:36:42.805 INFO: Head 'Default' training dataset size: 453
2025-08-12 14:36:42.805 INFO: Computing average number of neighbors
2025-08-12 14:36:43.183 INFO: Average number of neighbors: 8.775974025974026
2025-08-12 14:36:43.183 INFO: During training the following quantities will be reported: energy, forces
2025-08-12 14:36:43.183 INFO: ===========MODEL DETAILS===========
2025-08-12 14:36:43.543 INFO: Using embedding specifications from command line arguments
2025-08-12 14:36:43.543 INFO: Embedding specifications: {'total_charge': {'type': 'continuous', 'per': 'graph', 'in_dim': 1, 'emb_dim': 128, 'min': -3, 'max': 3}}
2025-08-12 14:36:43.544 INFO: Building model
2025-08-12 14:36:43.544 INFO: Message passing with 128 channels and max_L=1 (128x0e+128x1o)
2025-08-12 14:36:43.544 INFO: 2 layers, each with correlation order: 3 (body order: 4) and spherical harmonics up to: l=3
2025-08-12 14:36:43.544 INFO: 8 radial and 5 basis functions
2025-08-12 14:36:43.544 INFO: Radial cutoff: 9.0 A (total receptive field for each atom: 18.0 A)
2025-08-12 14:36:43.544 INFO: Distance transform for radial basis functions: None
2025-08-12 14:36:43.544 INFO: Hidden irreps: 128x0e+128x1o
2025-08-12 14:36:44.667 DEBUG: ScaleShiftMACE(
  (node_embedding): LinearNodeEmbeddingBlock(
    (linear): Linear(1x0e -> 128x0e | 128 weights)
  )
  (joint_embedding): GenericJointEmbedding(
    (embedders): ModuleDict(
      (total_charge): Sequential(
        (0): Linear(in_features=1, out_features=128, bias=True)
        (1): SiLU()
        (2): Linear(in_features=128, out_features=128, bias=True)
      )
    )
    (project): Sequential(
      (0): Linear(in_features=128, out_features=128, bias=False)
      (1): SiLU()
    )
  )
  (embedding_readout): LinearReadoutBlock(
    (linear): Linear(128x0e -> 1x0e | 128 weights)
  )
  (radial_embedding): RadialEmbeddingBlock(
    (bessel_fn): BesselBasis(r_max=9.0, num_basis=8, trainable=False)
    (cutoff_fn): PolynomialCutoff(p=5, r_max=9.0)
  )
  (spherical_harmonics): SphericalHarmonics()
  (atomic_energies_fn): AtomicEnergiesBlock(energies=[[-22.4839]])
  (interactions): ModuleList(
    (0): RealAgnosticInteractionBlock(
      (linear_up): Linear(128x0e -> 128x0e | 16384 weights)
      (conv_tp): TensorProduct(128x0e x 1x0e+1x1o+1x2e+1x3o -> 128x0e+128x1o+128x2e+128x3o | 512 paths | 512 weights)
      (conv_tp_weights): FullyConnectedNet[8, 64, 64, 64, 512]
      (linear): Linear(128x0e+128x1o+128x2e+128x3o -> 128x0e+128x1o+128x2e+128x3o | 65536 weights)
      (skip_tp): FullyConnectedTensorProduct(128x0e+128x1o+128x2e+128x3o x 1x0e -> 128x0e+128x1o+128x2e+128x3o | 65536 paths | 65536 weights)
      (reshape): reshape_irreps()
    )
    (1): RealAgnosticResidualInteractionBlock(
      (linear_up): Linear(128x0e+128x1o -> 128x0e+128x1o | 32768 weights)
      (conv_tp): TensorProduct(128x0e+128x1o x 1x0e+1x1o+1x2e+1x3o -> 256x0e+384x1o+384x2e+256x3o | 1280 paths | 1280 weights)
      (conv_tp_weights): FullyConnectedNet[8, 64, 64, 64, 1280]
      (linear): Linear(128x0e+128x0e+128x1o+128x1o+128x1o+128x2e+128x2e+128x2e+128x3o+128x3o -> 128x0e+128x1o+128x2e+128x3o | 163840 weights)
      (skip_tp): FullyConnectedTensorProduct(128x0e+128x1o x 1x0e -> 128x0e | 16384 paths | 16384 weights)
      (reshape): reshape_irreps()
    )
  )
  (products): ModuleList(
    (0): EquivariantProductBasisBlock(
      (symmetric_contractions): SymmetricContraction(
        (contractions): ModuleList(
          (0): Contraction(
            (contractions_weighting): ModuleList(
              (0-1): 2 x GraphModule()
            )
            (contractions_features): ModuleList(
              (0-1): 2 x GraphModule()
            )
            (weights): ParameterList(
                (0): Parameter containing: [torch.float64 of size 1x4x128]
                (1): Parameter containing: [torch.float64 of size 1x1x128]
            )
            (graph_opt_main): GraphModule()
          )
          (1): Contraction(
            (contractions_weighting): ModuleList(
              (0-1): 2 x GraphModule()
            )
            (contractions_features): ModuleList(
              (0-1): 2 x GraphModule()
            )
            (weights): ParameterList(
                (0): Parameter containing: [torch.float64 of size 1x6x128]
                (1): Parameter containing: [torch.float64 of size 1x1x128]
            )
            (graph_opt_main): GraphModule()
          )
        )
      )
      (linear): Linear(128x0e+128x1o -> 128x0e+128x1o | 32768 weights)
    )
    (1): EquivariantProductBasisBlock(
      (symmetric_contractions): SymmetricContraction(
        (contractions): ModuleList(
          (0): Contraction(
            (contractions_weighting): ModuleList(
              (0-1): 2 x GraphModule()
            )
            (contractions_features): ModuleList(
              (0-1): 2 x GraphModule()
            )
            (weights): ParameterList(
                (0): Parameter containing: [torch.float64 of size 1x4x128]
                (1): Parameter containing: [torch.float64 of size 1x1x128]
            )
            (graph_opt_main): GraphModule()
          )
        )
      )
      (linear): Linear(128x0e -> 128x0e | 16384 weights)
    )
  )
  (readouts): ModuleList(
    (0): LinearReadoutBlock(
      (linear): Linear(128x0e+128x1o -> 1x0e | 128 weights)
    )
    (1): NonLinearReadoutBlock(
      (linear_1): Linear(128x0e -> 16x0e | 2048 weights)
      (non_linearity): Activation [x] (16x0e -> 16x0e)
      (linear_2): Linear(16x0e -> 1x0e | 16 weights)
    )
  )
  (scale_shift): ScaleShiftBlock(scale=0.0002, shift=0.0000)
)
2025-08-12 14:36:44.668 INFO: Total number of parameters: 591888
2025-08-12 14:36:44.668 INFO: 
2025-08-12 14:36:44.668 INFO: ===========OPTIMIZER INFORMATION===========
2025-08-12 14:36:44.668 INFO: Using ADAM as parameter optimizer
2025-08-12 14:36:44.668 INFO: Batch size: 32
2025-08-12 14:36:44.668 INFO: Using Exponential Moving Average with decay: 0.99
2025-08-12 14:36:44.668 INFO: Number of gradient updates: 2831
2025-08-12 14:36:44.668 INFO: Learning rate: 0.01, weight decay: 5e-07
2025-08-12 14:36:44.668 INFO: WeightedEnergyForcesLoss(energy_weight=1.000, forces_weight=100.000)
2025-08-12 14:36:44.683 INFO: Using gradient clipping with tolerance=10.000
2025-08-12 14:36:44.684 INFO: 
2025-08-12 14:36:44.684 INFO: ===========TRAINING===========
2025-08-12 14:36:44.684 INFO: Started training, reporting errors on validation set
2025-08-12 14:36:44.684 INFO: Loss metrics on validation set
2025-08-12 14:36:46.155 INFO: Initial: head: Default, loss=0.01106554, MAE_E= 3418.04 meV, MAE_F=    0.06 meV / A
2025-08-12 14:36:58.008 INFO: Epoch 0: head: Default, loss=0.00262377, MAE_E= 2488.45 meV, MAE_F=    0.06 meV / A
2025-08-12 14:36:58.011 DEBUG: Saving checkpoint: ./checkpoints/MACE_boot_1_run-123_epoch-0.pt
2025-08-12 14:37:10.833 INFO: Epoch 1: head: Default, loss=0.00017298, MAE_E=  584.66 meV, MAE_F=    0.06 meV / A
2025-08-12 14:37:10.836 DEBUG: Deleting old checkpoint file: ./checkpoints/MACE_boot_1_run-123_epoch-0.pt
2025-08-12 14:37:10.842 DEBUG: Saving checkpoint: ./checkpoints/MACE_boot_1_run-123_epoch-1.pt
2025-08-12 14:37:24.441 INFO: Epoch 2: head: Default, loss=0.00010396, MAE_E=  444.14 meV, MAE_F=    0.06 meV / A
2025-08-12 14:37:24.444 DEBUG: Deleting old checkpoint file: ./checkpoints/MACE_boot_1_run-123_epoch-1.pt
2025-08-12 14:37:24.451 DEBUG: Saving checkpoint: ./checkpoints/MACE_boot_1_run-123_epoch-2.pt
2025-08-12 14:37:37.756 INFO: Epoch 3: head: Default, loss=0.00010374, MAE_E=  441.93 meV, MAE_F=    0.06 meV / A
2025-08-12 14:37:37.759 DEBUG: Deleting old checkpoint file: ./checkpoints/MACE_boot_1_run-123_epoch-2.pt
2025-08-12 14:37:37.765 DEBUG: Saving checkpoint: ./checkpoints/MACE_boot_1_run-123_epoch-3.pt
2025-08-12 14:37:51.181 INFO: Epoch 4: head: Default, loss=0.00007831, MAE_E=  391.46 meV, MAE_F=    0.06 meV / A
2025-08-12 14:37:51.184 DEBUG: Deleting old checkpoint file: ./checkpoints/MACE_boot_1_run-123_epoch-3.pt
2025-08-12 14:37:51.190 DEBUG: Saving checkpoint: ./checkpoints/MACE_boot_1_run-123_epoch-4.pt
2025-08-12 14:38:04.725 INFO: Epoch 5: head: Default, loss=0.00009259, MAE_E=  420.73 meV, MAE_F=    0.06 meV / A
2025-08-12 14:38:18.431 INFO: Epoch 6: head: Default, loss=0.00007779, MAE_E=  396.68 meV, MAE_F=    0.06 meV / A
2025-08-12 14:38:18.434 DEBUG: Deleting old checkpoint file: ./checkpoints/MACE_boot_1_run-123_epoch-4.pt
2025-08-12 14:38:18.440 DEBUG: Saving checkpoint: ./checkpoints/MACE_boot_1_run-123_epoch-6.pt
2025-08-12 14:38:31.552 INFO: Epoch 7: head: Default, loss=0.00007939, MAE_E=  397.49 meV, MAE_F=    0.06 meV / A
2025-08-12 14:38:45.531 INFO: Epoch 8: head: Default, loss=0.00007694, MAE_E=  392.25 meV, MAE_F=    0.06 meV / A
2025-08-12 14:38:45.534 DEBUG: Deleting old checkpoint file: ./checkpoints/MACE_boot_1_run-123_epoch-6.pt
2025-08-12 14:38:45.541 DEBUG: Saving checkpoint: ./checkpoints/MACE_boot_1_run-123_epoch-8.pt
2025-08-12 14:38:58.964 INFO: Epoch 9: head: Default, loss=0.00008156, MAE_E=  401.71 meV, MAE_F=    0.06 meV / A
2025-08-12 14:39:12.557 INFO: Epoch 10: head: Default, loss=0.00008398, MAE_E=  405.60 meV, MAE_F=    0.06 meV / A
2025-08-12 14:39:25.910 INFO: Epoch 11: head: Default, loss=0.00007793, MAE_E=  402.26 meV, MAE_F=    0.06 meV / A
2025-08-12 14:39:38.785 INFO: Epoch 12: head: Default, loss=0.00008323, MAE_E=  410.66 meV, MAE_F=    0.06 meV / A
2025-08-12 14:39:52.207 INFO: Epoch 13: head: Default, loss=0.00008727, MAE_E=  417.30 meV, MAE_F=    0.06 meV / A
2025-08-12 14:40:05.541 INFO: Epoch 14: head: Default, loss=0.00008243, MAE_E=  403.90 meV, MAE_F=    0.06 meV / A
2025-08-12 14:40:19.139 INFO: Epoch 15: head: Default, loss=0.00008310, MAE_E=  408.38 meV, MAE_F=    0.06 meV / A
2025-08-12 14:40:32.615 INFO: Epoch 16: head: Default, loss=0.00007939, MAE_E=  400.84 meV, MAE_F=    0.06 meV / A
2025-08-12 14:40:45.879 INFO: Epoch 17: head: Default, loss=0.00008391, MAE_E=  406.23 meV, MAE_F=    0.06 meV / A
2025-08-12 14:40:59.283 INFO: Epoch 18: head: Default, loss=0.00008128, MAE_E=  402.36 meV, MAE_F=    0.06 meV / A
2025-08-12 14:41:12.606 INFO: Epoch 19: head: Default, loss=0.00008261, MAE_E=  406.18 meV, MAE_F=    0.06 meV / A
2025-08-12 14:41:26.172 INFO: Epoch 20: head: Default, loss=0.00008173, MAE_E=  400.47 meV, MAE_F=    0.06 meV / A
2025-08-12 14:41:39.027 INFO: Epoch 21: head: Default, loss=0.00008157, MAE_E=  399.68 meV, MAE_F=    0.06 meV / A
2025-08-12 14:41:52.183 INFO: Epoch 22: head: Default, loss=0.00008023, MAE_E=  400.78 meV, MAE_F=    0.06 meV / A
2025-08-12 14:42:05.438 INFO: Epoch 23: head: Default, loss=0.00008117, MAE_E=  401.71 meV, MAE_F=    0.06 meV / A
2025-08-12 14:42:18.627 INFO: Epoch 24: head: Default, loss=0.00008108, MAE_E=  400.97 meV, MAE_F=    0.06 meV / A
2025-08-12 14:42:31.721 INFO: Epoch 25: head: Default, loss=0.00008093, MAE_E=  399.76 meV, MAE_F=    0.06 meV / A
2025-08-12 14:42:44.459 INFO: Epoch 26: head: Default, loss=0.00008104, MAE_E=  401.51 meV, MAE_F=    0.06 meV / A
2025-08-12 14:42:57.737 INFO: Epoch 27: head: Default, loss=0.00008245, MAE_E=  404.39 meV, MAE_F=    0.06 meV / A
2025-08-12 14:43:11.040 INFO: Epoch 28: head: Default, loss=0.00008081, MAE_E=  400.19 meV, MAE_F=    0.06 meV / A
2025-08-12 14:43:11.041 INFO: Stopping optimization after 20 epochs without improvement
2025-08-12 14:43:11.041 INFO: Training complete
2025-08-12 14:43:11.042 INFO: 
2025-08-12 14:43:11.042 INFO: ===========RESULTS===========
2025-08-12 14:43:11.247 INFO: Loading checkpoint: ./checkpoints/MACE_boot_1_run-123_epoch-8.pt
2025-08-12 14:43:11.270 INFO: Loaded Stage one model from epoch 8 for evaluation
2025-08-12 14:43:11.270 INFO: Saving model to checkpoints/MACE_boot_1_run-123.model
2025-08-12 14:43:11.460 INFO: Compiling model, saving metadata to MACE_boot_1_compiled.model
2025-08-12 14:43:12.019 INFO: Computing metrics for training, validation, and test sets
2025-08-12 14:43:12.020 INFO: Skipping evaluation for heads: ['pt_head']
2025-08-12 14:43:12.020 INFO: Evaluating train_Default ...
2025-08-12 14:43:16.878 INFO: Evaluating valid_Default ...
2025-08-12 14:43:18.843 INFO: Error-table on TRAIN and VALID:
+---------------+-------------+-----------------+------------------+
|  config_type  | MAE E / meV | MAE F / meV / A | relative F MAE % |
+---------------+-------------+-----------------+------------------+
| train_Default |      394.8  |          0.1    |       100.05     |
| valid_Default |      392.2  |          0.1    |       100.04     |
+---------------+-------------+-----------------+------------------+
2025-08-12 14:43:18.844 INFO: Evaluating Default_Default ...
2025-08-12 14:43:21.613 INFO: Error-table on TEST:
+-----------------+-------------+-----------------+------------------+
|   config_type   | MAE E / meV | MAE F / meV / A | relative F MAE % |
+-----------------+-------------+-----------------+------------------+
| Default_Default |     2216.4  |          0.1    |       100.05     |
+-----------------+-------------+-----------------+------------------+
2025-08-12 14:43:21.614 DEBUG: Running inference on train_Default dataset
2025-08-12 14:43:23.240 DEBUG: Plotting failed: too many indices for tensor of dimension 1
2025-08-12 14:43:23.241 INFO: Done
