
 dscf (tuxedo-pulse-14-gen1) : TURBOMOLE rev. V7-9 compiled 21 Nov 2024 at 16:25:24
 Copyright (C) 2024 TURBOMOLE GmbH, Karlsruhe


    2025-07-31 13:51:38.917 



                             d s c f - program

                   idea & directorship : reinhart ahlrichs
                   program development : marco haeser
                                         michael baer
                           dft version : oliver treutler


                          quantum chemistry group
                          universitaet  karlsruhe
                                  germany



   *-----------------------------------------------------------------------*
   |                     program will use  1 thread(s)                     |
   *-----------------------------------------------------------------------*


              +--------------------------------------------------+
              | Atomic coordinate, charge and isotop information |
              +--------------------------------------------------+

                    atomic coordinates            atom    charge  isotop
          6.95961694    4.46911360    5.49243049    na    11.000     0
         11.85755035   11.63594262   10.92086096    na    11.000     0
          5.30422945    6.20197928   11.46426681    na    11.000     0
         13.21283070    6.33683193    5.09288822    na    11.000     0
         11.62509676    5.29336453   11.51630438    na    11.000     0
          5.63428504   10.78858179    6.53475840    na    11.000     0
         11.03786353   12.15235103    3.99516058    na    11.000     0
          5.40689536   12.65446252   12.87910085    na    11.000     0
 
       center of nuclear mass  :    8.87979602    8.69157841    8.48697134
       center of nuclear charge:    8.87979602    8.69157841    8.48697134

              +--------------------------------------------------+
              |               basis set information              |
              +--------------------------------------------------+

              we will work with the 1s 3p 5d 7f 9g ... basis set
              ...i.e. with spherical basis functions...

   type   atoms  prim   cont   basis
   ---------------------------------------------------------------------------
    na       8     28     10   def-SV(P)   [4s2p|10s6p]
   ---------------------------------------------------------------------------
   total:    8    224     80
   ---------------------------------------------------------------------------

   total number of primitive shells          :   16
   total number of contracted shells         :   48
   total number of cartesian basis functions :   80
   total number of SCF-basis functions       :   80


 integral neglect threshold       :  0.42E-10
 integral storage threshold THIZE :  0.10E-04
 integral storage threshold THIME :         5


 symmetry group of the molecule :   c1 

 the group has the following generators :
   c1(z)

    1 symmetry operations found

 there are 1 real representations :   a   

 maximum number of shells which are related by symmetry :  1

  
           ------------------
           density functional
           ------------------
 B-P86 functional
 exchange:    LDA + Becke (B88)
 correlation: LDA (VWN) + Perdew (P86)
 iterations will be done with small grid
  
 spherical integration : Lebedev's spherical grid
 spherical gridsize    :                     3
    i.e. gridpoints    :                   302
  maximum batchsize    :                   100
 value for diffuse not defined
 radial integration    : Chebyshev 2nd kind (scaling 3)
 radial gridsize       :                     3
 integration cells     :                     8
 partition function    : becke
 partition sharpness   :                     3
  

          ------------------------
          nuclear repulsion energy  :   432.018838274    
          ------------------------


         -----------------
         -S,T+V- integrals
         -----------------

 1e-integrals will be neglected if expon. factor < 0.417745E-11
 
 Difference densities algorithm switched on.
 The maximal number of linear combinations of
 difference densities is  20.

 DIIS switched on: error vector is FDS-SDF
 Max. Iterations for DIIS is     :   4
 DIIS matrix (see manual) 
    Scaling factor of diagonals  :  1.200
    threshold for scaling factor :  0.000

 scf convergence criterion : increment of total energy < .1000000D-06
                  and increment of one-electron energy < .1000000D-03

 MOs are in ASCII format !


    mo occupation :
   irrep   mo's   occupied
    a       80       44
 
 number of basis functions   :    80
 number of occupied orbitals :    44
 

 reading orbital data $scfmo  from file mos
 orbital characterization : expanded
 virtual MOs provided and orthogonalized by Cholesky decomposition

 automatic virtual orbital shift switched on 
      shift if e(lumo)-e(homo) < 0.10000000    


 DSCF restart information will be dumped onto file mos

          Overall gridpoints after grid construction =         17130
 
                                              current damping :  0.300
 ITERATION  ENERGY          1e-ENERGY        2e-ENERGY     NORM[dD(SAO)]  TOL
   1  -1297.9250173184    -2686.5053860     956.56153043    0.000D+00 0.417D-10
                            Exc =  -115.789567959029     N = 87.998798734    
          max. resid. norm for Fia-block=  1.396D-01 for orbital      2a         
          max. resid. fock norm         =  1.422D-01 for orbital      2a         
          Delta Eig. =        53.8900392569 eV 
 
                                              current damping :  0.250
 ITERATION  ENERGY          1e-ENERGY        2e-ENERGY     NORM[dD(SAO)]  TOL
   2  -1297.9741028737    -2686.3245900     956.33164890    0.471D+00 0.265D-10
                            Exc =  -115.620367757705     N = 87.998658435    
          Norm of current diis error: 0.27124    
          max. resid. norm for Fia-block=  2.153D-02 for orbital     41a         
          max. resid. fock norm         =  2.841D-02 for orbital     47a         
          Delta Eig. =        12.3940017686 eV 
 
                                              current damping :  0.200
 ITERATION  ENERGY          1e-ENERGY        2e-ENERGY     NORM[dD(SAO)]  TOL
   3  -1297.9967282039    -2687.2772827     957.26171619    0.211D+00 0.194D-10
                            Exc =  -115.537203890683     N = 87.998413344    
          Norm of current diis error: 0.59076E-01
          max. resid. norm for Fia-block=  1.073D-02 for orbital     44a         
          max. resid. fock norm         =  1.119D-02 for orbital     44a         
          irrep a   : virtual orbitals shifted by    0.04618
          Delta Eig. =         2.9838104214 eV 
 
                                              current damping :  0.250
 ITERATION  ENERGY          1e-ENERGY        2e-ENERGY     NORM[dD(SAO)]  TOL
   4  -1297.9998949711    -2686.8314517     956.81271843    0.164D+00 0.167D-10
                            Exc =  -115.499344486349     N = 87.998422724    
          Norm of current diis error: 0.37129E-01
          max. resid. norm for Fia-block=  3.924D-03 for orbital     44a         
          max. resid. fock norm         =  4.035D-03 for orbital     44a         
          irrep a   : virtual orbitals shifted by    0.05918
          Delta Eig. =         0.4102219008 eV 
 
                                              current damping :  0.300
 ITERATION  ENERGY          1e-ENERGY        2e-ENERGY     NORM[dD(SAO)]  TOL
   5  -1298.0005655806    -2686.9995483     956.98014442    0.309D-01 0.158D-10
                            Exc =  -115.498962411924     N = 87.998389514    
          Norm of current diis error: 0.12279E-01
          max. resid. norm for Fia-block=  1.826D-03 for orbital     44a         
          max. resid. fock norm         =  1.994D-03 for orbital     44a         
          irrep a   : virtual orbitals shifted by    0.06044
 mo-orthogonalization: Cholesky decomposition
          Delta Eig. =         0.1082337403 eV 
 
                                              current damping :  0.150
 ITERATION  ENERGY          1e-ENERGY        2e-ENERGY     NORM[dD(SAO)]  TOL
   6  -1298.0006616116    -2687.0472029     957.02770304    0.171D-01 0.153D-10
                            Exc =  -115.498806399816     N = 87.998377830    
          Norm of current diis error: 0.74156E-02
          max. resid. norm for Fia-block=  9.566D-04 for orbital     44a         
          max. resid. fock norm         =  1.004D-03 for orbital     44a         
          irrep a   : virtual orbitals shifted by    0.06586
          Delta Eig. =         0.0598874998 eV 
 
                                              current damping :  0.200
 ITERATION  ENERGY          1e-ENERGY        2e-ENERGY     NORM[dD(SAO)]  TOL
   7  -1298.0006956909    -2687.0391482     957.01961426    0.722D-02 0.149D-10
                            Exc =  -115.497905218968     N = 87.998376603    
          Norm of current diis error: 0.21527E-02
          max. resid. norm for Fia-block=  4.009D-04 for orbital     44a         
          max. resid. fock norm         =  4.024D-04 for orbital     44a         
          irrep a   : virtual orbitals shifted by    0.06444
          Delta Eig. =         0.0181630843 eV 
 
                                              current damping :  0.100
 ITERATION  ENERGY          1e-ENERGY        2e-ENERGY     NORM[dD(SAO)]  TOL
   8  -1298.0006995659    -2687.0390414     957.01950351    0.334D-02 0.146D-10
                            Exc =  -115.497711988732     N = 87.998376258    
          Norm of current diis error: 0.15423E-02
          max. resid. norm for Fia-block=  1.612D-04 for orbital     44a         
          max. resid. fock norm         =  1.890D-04 for orbital     44a         
          irrep a   : virtual orbitals shifted by    0.06738
          Delta Eig. =         0.0107910908 eV 
 
                                              current damping :  0.150
 ITERATION  ENERGY          1e-ENERGY        2e-ENERGY     NORM[dD(SAO)]  TOL
   9  -1298.0007009364    -2687.0434006     957.02386141    0.125D-02 0.144D-10
                            Exc =  -115.497749627297     N = 87.998375096    
          Norm of current diis error: 0.38842E-03
          max. resid. norm for Fia-block=  7.957D-05 for orbital     44a         
          max. resid. fock norm         =  7.976D-05 for orbital     44a         
          irrep a   : virtual orbitals shifted by    0.06591
          Delta Eig. =         0.0030419642 eV 
 
                                              current damping :  0.200
 ITERATION  ENERGY          1e-ENERGY        2e-ENERGY     NORM[dD(SAO)]  TOL
  10  -1298.0007011342    -2687.0425288     957.02298935    0.423D-03 0.141D-10
                            Exc =  -115.497693195899     N = 87.998375136    
          Norm of current diis error: 0.25485E-03
          max. resid. norm for Fia-block=  4.393D-05 for orbital     44a         
          max. resid. fock norm         =  4.654D-05 for orbital     44a         
          irrep a   : virtual orbitals shifted by    0.06442
 mo-orthogonalization: Cholesky decomposition
          Delta Eig. =         0.0014575546 eV 
 
                                              current damping :  0.250
 ITERATION  ENERGY          1e-ENERGY        2e-ENERGY     NORM[dD(SAO)]  TOL
  11  -1298.0007011974    -2687.0430463     957.02350685    0.295D-03 0.139D-10
                            Exc =  -115.497696722690     N = 87.998375050    
          Norm of current diis error: 0.15428E-03
          max. resid. norm for Fia-block=  2.296D-05 for orbital     44a         
          max. resid. fock norm         =  2.379D-05 for orbital     44a         
          irrep a   : virtual orbitals shifted by    0.06293
          Delta Eig. =         0.0011512250 eV 
 
                                              current damping :  0.100
 ITERATION  ENERGY          1e-ENERGY        2e-ENERGY     NORM[dD(SAO)]  TOL
  12  -1298.0007012190    -2687.0436293     957.02408981    0.986D-04 0.136D-10
                            Exc =  -115.497704882567     N = 87.998374993    
          Norm of current diis error: 0.10180E-03
          max. resid. norm for Fia-block=  1.526D-05 for orbital     44a         
          max. resid. fock norm         =  1.553D-05 for orbital     44a         
          irrep a   : virtual orbitals shifted by    0.06739
          Delta Eig. =         0.0006284532 eV 
 
                                              current damping :  0.150
 ITERATION  ENERGY          1e-ENERGY        2e-ENERGY     NORM[dD(SAO)]  TOL
  13  -1298.0007012290    -2687.0432442     957.02370466    0.336D-04 0.134D-10
                            Exc =  -115.497693195353     N = 87.998375034    
          Norm of current diis error: 0.51480E-04
          max. resid. norm for Fia-block=  9.918D-06 for orbital     44a         
          max. resid. fock norm         =  1.019D-05 for orbital     44a         
          irrep a   : virtual orbitals shifted by    0.06590
          Delta Eig. =         0.0002366629 eV 

 ENERGY CONVERGED !

 Evaluating v_xc on big grid 
          Overall gridpoints after grid construction =         56516
 
                                              current damping :  0.100
 ITERATION  ENERGY          1e-ENERGY        2e-ENERGY     NORM[dD(SAO)]  TOL
  14  -1298.0008612051    -2687.0432195     957.02352006    0.156D-04 0.131D-10
                            Exc =  -115.497851555991     N = 87.999945513    
          max. resid. norm for Fia-block=  6.145D-06 for orbital     44a         
          max. resid. fock norm         =  6.470D-06 for orbital     44a         

 convergence criteria satisfied after    14 iterations


                  ------------------------------------------ 
                 |  total energy      =  -1298.00086120515  |
                  ------------------------------------------ 
                 :  kinetic energy    =   1291.75479126625  :
                 :  potential energy  =  -2589.75565247140  :
                 :  virial theorem    =      1.99518793082  :
                 :  wavefunction norm =      1.00000000000  :
                  .......................................... 


 <geterg> : there is no data group $energy 


 <skperg> : $end is missing 


 orbitals $scfmo  will be written to file mos

    irrep                 40a         41a         42a         43a         44a   
 eigenvalues H         -1.02671    -0.16384    -0.12427    -0.11482    -0.10762
            eV         -27.9383     -4.4583     -3.3817     -3.1244     -2.9284
 occupation              2.0000      2.0000      2.0000      2.0000      2.0000

    irrep                 45a         46a         47a         48a         49a   
 eigenvalues H         -0.07797    -0.06931    -0.06046    -0.05648    -0.05189
            eV          -2.1216     -1.8860     -1.6453     -1.5368     -1.4119
 
 
 
 
 ==============================================================================
                           electrostatic moments
 ==============================================================================

 reference point for electrostatic moments:    0.00000   0.00000   0.00000

 
              nuc           elec       ->  total
 ------------------------------------------------------------------------------
                          charge      
 ------------------------------------------------------------------------------
          88.000000     -88.000000       0.000000
 
 ------------------------------------------------------------------------------
                       dipole moment  
 ------------------------------------------------------------------------------
   x     781.422049    -781.435109      -0.013060
   y     764.858900    -764.727501       0.131399
   z     746.853478    -746.775749       0.077729
 
   | dipole moment | =     0.1532 a.u. =     0.3895 debye 
 
 ------------------------------------------------------------------------------
                     quadrupole moment
 ------------------------------------------------------------------------------
  xx    7806.793553   -7863.880668     -57.087115
  yy    7548.380241   -7600.310365     -51.930125
  zz    7303.557815   -7355.362718     -51.804903
  xy    6716.385167   -6717.681235      -1.296069
  xz    6382.764021   -6390.283127      -7.519105
  yz    6577.826142   -6572.686069       5.140073
 
     1/3  trace=     -53.607381
     anisotropy=      16.768043
 
 ==============================================================================
 
HOMO-LUMO Separation
 HOMO         :   -0.10761557 H =     -2.92837 eV
 LUMO         :   -0.07796534 H =     -2.12155 eV
 HOMO-LUMO gap:    0.02965023 H =     +0.80682 eV
 
 ==============================================================================


    ------------------------------------------------------------------------
         total  cpu-time :   3.84 seconds
         total wall-time :   3.85 seconds
    ------------------------------------------------------------------------

   ****  dscf : all done  ****


    2025-07-31 13:51:42.764 

