
 grad (tuxedo-pulse-14-gen1) : TURBOMOLE rev. V7-9 compiled 21 Nov 2024 at 16:36:53
 Copyright (C) 2024 TURBOMOLE GmbH, Karlsruhe


    2025-07-31 13:51:42.778 



                             g r a d - program

                reinhart ahlrichs, hans horn & ansgar schaefer
                 density functional version : oliver treutler


                          quantum chemistry group
                          universitaet  karlsruhe
                                   germany




                                                 
                                 References:     
                                                 
          Density Functional:                              
              O. Treutler and R. Ahlrichs                      
              Efficient Molecular Numerical Integration Schemes
              J. Chem. Phys. 102: 346 (1995)                   
          Parallel Version:                                
              Performance of parallel TURBOMOLE for Density    
              Functional Calculations                          
              M. v. Arnim and R. Ahlrichs                      
              J. Comp. Chem. 19: 1746 (1998)                   
                                         




              +--------------------------------------------------+
              | Atomic coordinate, charge and isotop information |
              +--------------------------------------------------+

                    atomic coordinates            atom    charge  isotop
          6.95961694    4.46911360    5.49243049    na    11.000     0
         11.85755035   11.63594262   10.92086096    na    11.000     0
          5.30422945    6.20197928   11.46426681    na    11.000     0
         13.21283070    6.33683193    5.09288822    na    11.000     0
         11.62509676    5.29336453   11.51630438    na    11.000     0
          5.63428504   10.78858179    6.53475840    na    11.000     0
         11.03786353   12.15235103    3.99516058    na    11.000     0
          5.40689536   12.65446252   12.87910085    na    11.000     0
 
       center of nuclear mass  :    8.87979602    8.69157841    8.48697134
       center of nuclear charge:    8.87979602    8.69157841    8.48697134

              +--------------------------------------------------+
              |               basis set information              |
              +--------------------------------------------------+

              we will work with the 1s 3p 5d 7f 9g ... basis set
              ...i.e. with spherical basis functions...

   type   atoms  prim   cont   basis
   ---------------------------------------------------------------------------
    na       8     28     10   def-SV(P)   [4s2p|10s6p]
   ---------------------------------------------------------------------------
   total:    8    224     80
   ---------------------------------------------------------------------------

   total number of primitive shells          :   16
   total number of contracted shells         :   48
   total number of cartesian basis functions :   80
   total number of SCF-basis functions       :   80


 integral neglect threshold       :  0.42E-10
 integral storage threshold THIZE :  0.10E-04
 integral storage threshold THIME :         5


 WARNING : cannot change filename for statistics 

 symmetry group of the molecule :   c1 

 the group has the following generators :
   c1(z)

    1 symmetry operations found

 there are 1 real representations :   a   

 maximum number of shells which are related by symmetry :  1


    mo occupation :
   irrep   mo's   occupied
    a       80       44
 
 number of basis functions   :    80
 number of occupied orbitals :    44
 

 number of off-diagonal lagrangians expected :  0
  MOs are in ASCII format !


 reading orbital data $scfmo  from file mos
 orbital characterization : scfconv=7
 time elapsed for calculating density matrices :   0.003 sec

  grad preliminaries : cpu elapsed         0.021 s
                       wall                0.026 s
  
           ------------------
           density functional
           ------------------
 B-P86 functional
 exchange:    LDA + Becke (B88)
 correlation: LDA (VWN) + Perdew (P86)
 iterations will be done with small grid
  
 spherical integration : Lebedev's spherical grid
 spherical gridsize    :                     3
    i.e. gridpoints    :                   302
  maximum batchsize    :                   100
 value for diffuse not defined
 radial integration    : Chebyshev 2nd kind (scaling 3)
 radial gridsize       :                     3
 integration cells     :                     8
 partition function    : becke
 partition sharpness   :                     3
  

 <rpardf> : input of entry tasksize
           from data group '$pardft' failed !

               Default values taken

 <rpardf> : input of entry memdiv
           from data group '$pardft' failed !

               Default values taken



                    and now featuring
                             the super-duper gradient    ..... wow .....


 ------------------------------------------------------------------------------

            SCF ENERGY GRADIENT with respect to NUCLEAR COORDINATES            

 ------------------------------------------------------------------------------



    ----------------------------------------
     S+T+V CONTRIBUTIONS TO ENERGY GRADIENT 
    ----------------------------------------

 1e-integral 1st. derivatives will be neglected if expon. factor < 0.100000E-10

  cpu time for 1e-part of gradient :      0.01 sec


    -----------------------------------------------
     TWO ELECTRON CONTRIBUTIONS TO ENERGY GRADIENT 
    -----------------------------------------------

 biggest 1-particle AO density matrix element is expected to be    2.1830492356

 setting up bound for integral derivative estimation

 increment for numerical differentiation : 0.00050000

 biggest AO integral is expected to be     6.628747866
 biggest cartesian 1st derivative AO integral is expected to be    14.180992761

 2e-integral 1st. derivatives will be neglected if expon. factor < 0.100000E-06
 outer boundary for 2e-integral derivative neglection is 0.349721E-08

