2025-08-14 12:42:10.778 INFO: ===========VERIFYING SETTINGS===========
2025-08-14 12:42:10.780 INFO: Stage Two is activated as start_stage_two was defined
2025-08-14 12:42:10.780 INFO: MACE version: 0.3.14
2025-08-14 12:42:10.780 INFO: Using CPU
2025-08-14 12:42:10.974 INFO: ===========LOADING INPUT DATA===========
2025-08-14 12:42:10.974 INFO: Using heads: ['Default']
2025-08-14 12:42:10.974 INFO: Using the key specifications to parse data:
2025-08-14 12:42:10.974 INFO: Default: KeySpecification(info_keys={'energy': 'REF_energy', 'stress': 'REF_stress', 'virials': 'REF_virials', 'dipole': 'dipole', 'head': 'head', 'elec_temp': 'elec_temp', 'total_charge': 'charge', 'polarizability': 'polarizability', 'total_spin': 'total_spin'}, arrays_keys={'forces': 'REF_forces', 'charges': 'REF_charges'})
2025-08-14 12:42:10.974 INFO: =============    Processing head Default     ===========
2025-08-14 12:42:11.057 INFO: Training set 1/1 [energy: 550, stress: 0, virials: 0, dipole components: 0, head: 550, elec_temp: 0, total_charge: 550, polarizability: 0, total_spin: 0, forces: 550, charges: 0]
2025-08-14 12:42:11.059 INFO: Total Training set [energy: 550, stress: 0, virials: 0, dipole components: 0, head: 550, elec_temp: 0, total_charge: 550, polarizability: 0, total_spin: 0, forces: 550, charges: 0]
2025-08-14 12:42:11.076 INFO: Validation set 1/1 [energy: 60, stress: 0, virials: 0, dipole components: 0, head: 60, elec_temp: 0, total_charge: 60, polarizability: 0, total_spin: 0, forces: 60, charges: 0]
2025-08-14 12:42:11.077 INFO: Total Validation set [energy: 60, stress: 0, virials: 0, dipole components: 0, head: 60, elec_temp: 0, total_charge: 60, polarizability: 0, total_spin: 0, forces: 60, charges: 0]
2025-08-14 12:42:11.103 INFO: Test set 1/1 [energy: 152, stress: 0, virials: 0, dipole components: 0, head: 152, elec_temp: 0, total_charge: 152, polarizability: 0, total_spin: 0, forces: 152, charges: 0]
2025-08-14 12:42:11.104 INFO: Total Test set [energy: 152, stress: 0, virials: 0, dipole components: 0, head: 152, elec_temp: 0, total_charge: 152, polarizability: 0, total_spin: 0, forces: 152, charges: 0]
2025-08-14 12:42:11.104 INFO: Total number of configurations: train=550, valid=60, tests=[Default_Default: 152],
2025-08-14 12:42:11.105 INFO: Atomic Numbers used: [12]
2025-08-14 12:42:11.105 INFO: Isolated Atomic Energies (E0s) not in training file, using command line argument
2025-08-14 12:42:11.105 INFO: Computing average Atomic Energies using least squares regression
2025-08-14 12:42:11.122 INFO: Atomic Energies used (z: eV) for head Default: {12: -22.567233347227127}
2025-08-14 12:42:11.122 INFO: Processing datasets for head 'Default'
2025-08-14 12:42:11.827 INFO: Combining 1 list datasets for head 'Default'
2025-08-14 12:42:11.904 INFO: Combining 1 list datasets for head 'Default_valid'
2025-08-14 12:42:11.904 INFO: Combined validation datasets for Default
2025-08-14 12:42:11.904 INFO: Head 'Default' training dataset size: 550
2025-08-14 12:42:11.905 INFO: Computing average number of neighbors
2025-08-14 12:42:12.325 INFO: Average number of neighbors: 8.842914438502675
2025-08-14 12:42:12.325 INFO: During training the following quantities will be reported: energy, forces
2025-08-14 12:42:12.325 INFO: ===========MODEL DETAILS===========
2025-08-14 12:42:12.708 INFO: Using embedding specifications from command line arguments
2025-08-14 12:42:12.708 INFO: Embedding specifications: {'total_charge': {'type': 'continuous', 'per': 'graph', 'in_dim': 1, 'emb_dim': 128, 'min': -3, 'max': 3}}
2025-08-14 12:42:12.708 INFO: Building model
2025-08-14 12:42:12.708 INFO: Message passing with 128 channels and max_L=1 (128x0e+128x1o)
2025-08-14 12:42:12.708 INFO: 2 layers, each with correlation order: 3 (body order: 4) and spherical harmonics up to: l=3
2025-08-14 12:42:12.708 INFO: 8 radial and 5 basis functions
2025-08-14 12:42:12.709 INFO: Radial cutoff: 9.0 A (total receptive field for each atom: 18.0 A)
2025-08-14 12:42:12.709 INFO: Distance transform for radial basis functions: None
2025-08-14 12:42:12.709 INFO: Hidden irreps: 128x0e+128x1o
2025-08-14 12:42:13.706 INFO: Total number of parameters: 591888
2025-08-14 12:42:13.706 INFO: 
2025-08-14 12:42:13.707 INFO: ===========OPTIMIZER INFORMATION===========
2025-08-14 12:42:13.707 INFO: Using ADAM as parameter optimizer
2025-08-14 12:42:13.707 INFO: Batch size: 32
2025-08-14 12:42:13.707 INFO: Using Exponential Moving Average with decay: 0.99
2025-08-14 12:42:13.707 INFO: Number of gradient updates: 5156
2025-08-14 12:42:13.707 INFO: Learning rate: 0.01, weight decay: 5e-07
2025-08-14 12:42:13.707 INFO: WeightedEnergyForcesLoss(energy_weight=1.000, forces_weight=100.000)
2025-08-14 12:42:13.707 INFO: Stage Two (after 150 epochs) with loss function: WeightedEnergyForcesLoss(energy_weight=1000.000, forces_weight=100.000), with energy weight : 1000.0, forces weight : 100.0 and learning rate : 0.001
2025-08-14 12:42:13.811 INFO: Using gradient clipping with tolerance=10.000
2025-08-14 12:42:13.811 INFO: 
2025-08-14 12:42:13.811 INFO: ===========TRAINING===========
2025-08-14 12:42:13.811 INFO: Started training, reporting errors on validation set
2025-08-14 12:42:13.811 INFO: Loss metrics on validation set
2025-08-14 12:42:17.948 INFO: Initial: head: Default, loss=0.01142030, MAE_E_per_atom=  390.36 meV, MAE_F=    0.06 meV / A
2025-08-14 12:43:36.700 INFO: Epoch 0: head: Default, loss=0.00194839, MAE_E_per_atom=  231.95 meV, MAE_F=    0.06 meV / A
2025-08-14 12:45:02.827 INFO: Epoch 1: head: Default, loss=0.00021431, MAE_E_per_atom=   55.97 meV, MAE_F=    0.06 meV / A
2025-08-14 12:46:26.879 INFO: Epoch 2: head: Default, loss=0.00012831, MAE_E_per_atom=   43.92 meV, MAE_F=    0.06 meV / A
2025-08-14 12:48:00.256 INFO: Epoch 3: head: Default, loss=0.00012637, MAE_E_per_atom=   44.67 meV, MAE_F=    0.06 meV / A
2025-08-14 12:49:36.403 INFO: Epoch 4: head: Default, loss=0.00012364, MAE_E_per_atom=   43.96 meV, MAE_F=    0.06 meV / A
2025-08-14 12:50:48.692 INFO: Epoch 5: head: Default, loss=0.00012472, MAE_E_per_atom=   44.06 meV, MAE_F=    0.06 meV / A
2025-08-14 12:52:23.950 INFO: Epoch 6: head: Default, loss=0.00012106, MAE_E_per_atom=   43.50 meV, MAE_F=    0.06 meV / A
2025-08-14 12:53:44.746 INFO: Epoch 7: head: Default, loss=0.00012249, MAE_E_per_atom=   44.58 meV, MAE_F=    0.06 meV / A
2025-08-14 12:56:26.361 INFO: Epoch 8: head: Default, loss=0.00012391, MAE_E_per_atom=   44.13 meV, MAE_F=    0.06 meV / A
2025-08-14 12:57:38.924 INFO: Epoch 9: head: Default, loss=0.00012389, MAE_E_per_atom=   44.17 meV, MAE_F=    0.06 meV / A
2025-08-14 12:58:59.916 INFO: Epoch 10: head: Default, loss=0.00012212, MAE_E_per_atom=   43.28 meV, MAE_F=    0.06 meV / A
2025-08-14 13:00:13.753 INFO: Epoch 11: head: Default, loss=0.00012237, MAE_E_per_atom=   43.26 meV, MAE_F=    0.06 meV / A
2025-08-14 13:01:27.336 INFO: Epoch 12: head: Default, loss=0.00012256, MAE_E_per_atom=   44.06 meV, MAE_F=    0.06 meV / A
2025-08-14 13:02:42.214 INFO: Epoch 13: head: Default, loss=0.00012175, MAE_E_per_atom=   43.41 meV, MAE_F=    0.06 meV / A
2025-08-14 13:03:58.779 INFO: Epoch 14: head: Default, loss=0.00012228, MAE_E_per_atom=   43.98 meV, MAE_F=    0.06 meV / A
2025-08-14 13:05:14.103 INFO: Epoch 15: head: Default, loss=0.00012232, MAE_E_per_atom=   42.80 meV, MAE_F=    0.06 meV / A
2025-08-14 13:06:34.799 INFO: Epoch 16: head: Default, loss=0.00012166, MAE_E_per_atom=   43.33 meV, MAE_F=    0.06 meV / A
2025-08-14 13:07:49.227 INFO: Epoch 17: head: Default, loss=0.00012072, MAE_E_per_atom=   43.27 meV, MAE_F=    0.06 meV / A
2025-08-14 13:09:02.020 INFO: Epoch 18: head: Default, loss=0.00012180, MAE_E_per_atom=   43.96 meV, MAE_F=    0.06 meV / A
2025-08-14 13:10:15.922 INFO: Epoch 19: head: Default, loss=0.00012220, MAE_E_per_atom=   43.98 meV, MAE_F=    0.06 meV / A
2025-08-14 13:11:29.662 INFO: Epoch 20: head: Default, loss=0.00012144, MAE_E_per_atom=   43.64 meV, MAE_F=    0.06 meV / A
2025-08-14 13:12:43.571 INFO: Epoch 21: head: Default, loss=0.00012116, MAE_E_per_atom=   43.37 meV, MAE_F=    0.06 meV / A
2025-08-14 13:14:11.308 INFO: Epoch 22: head: Default, loss=0.00012186, MAE_E_per_atom=   43.70 meV, MAE_F=    0.06 meV / A
2025-08-14 13:30:28.811 INFO: Epoch 23: head: Default, loss=0.00012194, MAE_E_per_atom=   43.54 meV, MAE_F=    0.06 meV / A
2025-08-14 13:32:08.529 INFO: Epoch 24: head: Default, loss=0.00012233, MAE_E_per_atom=   43.78 meV, MAE_F=    0.06 meV / A
2025-08-14 13:33:45.635 INFO: Epoch 25: head: Default, loss=0.00012271, MAE_E_per_atom=   43.89 meV, MAE_F=    0.06 meV / A
2025-08-14 13:35:24.915 INFO: Epoch 26: head: Default, loss=0.00012215, MAE_E_per_atom=   43.88 meV, MAE_F=    0.06 meV / A
2025-08-14 13:37:01.103 INFO: Epoch 27: head: Default, loss=0.00012234, MAE_E_per_atom=   43.84 meV, MAE_F=    0.06 meV / A
2025-08-14 13:38:13.230 INFO: Epoch 28: head: Default, loss=0.00012204, MAE_E_per_atom=   43.89 meV, MAE_F=    0.06 meV / A
2025-08-14 13:39:26.968 INFO: Epoch 29: head: Default, loss=0.00012224, MAE_E_per_atom=   43.92 meV, MAE_F=    0.06 meV / A
2025-08-14 13:40:35.698 INFO: Epoch 30: head: Default, loss=0.00012195, MAE_E_per_atom=   43.75 meV, MAE_F=    0.06 meV / A
2025-08-14 13:41:45.217 INFO: Epoch 31: head: Default, loss=0.00012160, MAE_E_per_atom=   43.67 meV, MAE_F=    0.06 meV / A
2025-08-14 13:42:54.987 INFO: Epoch 32: head: Default, loss=0.00012152, MAE_E_per_atom=   43.65 meV, MAE_F=    0.06 meV / A
2025-08-14 15:22:45.865 INFO: Epoch 33: head: Default, loss=0.00012171, MAE_E_per_atom=   43.68 meV, MAE_F=    0.06 meV / A
2025-08-14 15:23:55.751 INFO: Epoch 34: head: Default, loss=0.00012215, MAE_E_per_atom=   43.77 meV, MAE_F=    0.06 meV / A
2025-08-14 15:25:05.260 INFO: Epoch 35: head: Default, loss=0.00012187, MAE_E_per_atom=   43.78 meV, MAE_F=    0.06 meV / A
2025-08-14 15:26:14.210 INFO: Epoch 36: head: Default, loss=0.00012207, MAE_E_per_atom=   43.75 meV, MAE_F=    0.06 meV / A
2025-08-14 15:27:35.588 INFO: Epoch 37: head: Default, loss=0.00012210, MAE_E_per_atom=   43.72 meV, MAE_F=    0.06 meV / A
2025-08-14 15:27:35.590 INFO: Stopping optimization after 20 epochs without improvement and starting Stage Two
2025-08-14 15:27:35.590 INFO: Changing loss based on Stage Two Weights
2025-08-14 15:29:08.737 INFO: Epoch 151: head: Default, loss=0.12218619, MAE_E_per_atom=   44.49 meV, MAE_F=    0.06 meV / A
2025-08-14 15:30:34.637 INFO: Epoch 152: head: Default, loss=0.12411266, MAE_E_per_atom=   45.25 meV, MAE_F=    0.06 meV / A
2025-08-14 15:31:49.488 INFO: Epoch 153: head: Default, loss=0.12504899, MAE_E_per_atom=   45.37 meV, MAE_F=    0.06 meV / A
2025-08-14 15:33:04.141 INFO: Epoch 154: head: Default, loss=0.12553042, MAE_E_per_atom=   45.85 meV, MAE_F=    0.06 meV / A
2025-08-14 15:34:12.535 INFO: Epoch 155: head: Default, loss=0.12715839, MAE_E_per_atom=   46.78 meV, MAE_F=    0.06 meV / A
2025-08-14 15:35:28.454 INFO: Epoch 156: head: Default, loss=0.12547711, MAE_E_per_atom=   46.24 meV, MAE_F=    0.06 meV / A
2025-08-14 15:36:40.901 INFO: Epoch 157: head: Default, loss=0.12616876, MAE_E_per_atom=   46.60 meV, MAE_F=    0.06 meV / A
2025-08-14 15:37:50.111 INFO: Epoch 158: head: Default, loss=0.12494250, MAE_E_per_atom=   46.30 meV, MAE_F=    0.06 meV / A
2025-08-14 15:39:02.877 INFO: Epoch 159: head: Default, loss=0.12426554, MAE_E_per_atom=   45.86 meV, MAE_F=    0.06 meV / A
2025-08-14 15:40:12.655 INFO: Epoch 160: head: Default, loss=0.12430768, MAE_E_per_atom=   45.37 meV, MAE_F=    0.06 meV / A
2025-08-14 15:41:21.952 INFO: Epoch 161: head: Default, loss=0.12560955, MAE_E_per_atom=   45.90 meV, MAE_F=    0.06 meV / A
2025-08-14 15:42:30.208 INFO: Epoch 162: head: Default, loss=0.12471940, MAE_E_per_atom=   45.51 meV, MAE_F=    0.06 meV / A
2025-08-14 15:43:39.719 INFO: Epoch 163: head: Default, loss=0.12373613, MAE_E_per_atom=   45.04 meV, MAE_F=    0.06 meV / A
2025-08-14 15:44:52.335 INFO: Epoch 164: head: Default, loss=0.12311637, MAE_E_per_atom=   45.08 meV, MAE_F=    0.06 meV / A
2025-08-14 15:46:00.940 INFO: Epoch 165: head: Default, loss=0.12385065, MAE_E_per_atom=   44.86 meV, MAE_F=    0.06 meV / A
2025-08-14 15:47:10.630 INFO: Epoch 166: head: Default, loss=0.12320070, MAE_E_per_atom=   44.50 meV, MAE_F=    0.06 meV / A
2025-08-14 15:48:19.493 INFO: Epoch 167: head: Default, loss=0.12401652, MAE_E_per_atom=   44.48 meV, MAE_F=    0.06 meV / A
2025-08-14 15:49:31.925 INFO: Epoch 168: head: Default, loss=0.12360094, MAE_E_per_atom=   43.69 meV, MAE_F=    0.06 meV / A
2025-08-14 15:50:42.578 INFO: Epoch 169: head: Default, loss=0.12532055, MAE_E_per_atom=   43.84 meV, MAE_F=    0.06 meV / A
2025-08-14 15:51:51.404 INFO: Epoch 170: head: Default, loss=0.12694663, MAE_E_per_atom=   43.97 meV, MAE_F=    0.06 meV / A
2025-08-14 15:53:00.530 INFO: Epoch 171: head: Default, loss=0.12806026, MAE_E_per_atom=   44.33 meV, MAE_F=    0.06 meV / A
2025-08-14 15:53:00.532 INFO: Stopping optimization after 20 epochs without improvement
2025-08-14 15:53:00.532 INFO: Training complete
2025-08-14 15:53:00.532 INFO: 
2025-08-14 15:53:00.532 INFO: ===========RESULTS===========
2025-08-14 15:53:00.705 INFO: Loading checkpoint: ./checkpoints/MACE_Mg11_run-123_epoch-17.pt
2025-08-14 15:53:00.779 INFO: Loaded Stage one model from epoch 17 for evaluation
2025-08-14 15:53:00.779 INFO: Saving model to checkpoints/MACE_Mg11_run-123.model
2025-08-14 15:53:01.049 INFO: Compiling model, saving metadata to MACE_Mg11_compiled.model
2025-08-14 15:53:01.767 INFO: Computing metrics for training, validation, and test sets
2025-08-14 15:53:01.768 INFO: Skipping evaluation for heads: ['pt_head']
2025-08-14 15:53:01.769 INFO: Evaluating train_Default ...
2025-08-14 15:53:29.479 INFO: Evaluating valid_Default ...
2025-08-14 15:53:33.517 INFO: Error-table on TRAIN and VALID:
+---------------+--------------------+-----------------+------------------+
|  config_type  | MAE E / meV / atom | MAE F / meV / A | relative F MAE % |
+---------------+--------------------+-----------------+------------------+
| train_Default |          43.6      |          0.1    |       100.00     |
| valid_Default |          43.3      |          0.1    |        99.99     |
+---------------+--------------------+-----------------+------------------+
2025-08-14 15:53:33.517 INFO: Evaluating Default_Default ...
2025-08-14 15:53:41.589 INFO: Error-table on TEST:
+-----------------+--------------------+-----------------+------------------+
|   config_type   | MAE E / meV / atom | MAE F / meV / A | relative F MAE % |
+-----------------+--------------------+-----------------+------------------+
| Default_Default |          46.0      |          0.1    |       100.00     |
+-----------------+--------------------+-----------------+------------------+
2025-08-14 15:53:44.452 INFO: Loading checkpoint: ./checkpoints/MACE_Mg11_run-123_epoch-151_swa.pt
2025-08-14 15:53:44.480 INFO: Loaded Stage two model from epoch 151 for evaluation
2025-08-14 15:53:44.480 INFO: Saving model to checkpoints/MACE_Mg11_run-123_stagetwo.model
2025-08-14 15:53:44.633 INFO: Compiling model, saving metadata MACE_Mg11_stagetwo_compiled.model
2025-08-14 15:53:45.113 INFO: Computing metrics for training, validation, and test sets
2025-08-14 15:53:45.113 INFO: Skipping evaluation for heads: ['pt_head']
2025-08-14 15:53:45.114 INFO: Evaluating train_Default ...
2025-08-14 15:54:16.914 INFO: Evaluating valid_Default ...
2025-08-14 15:54:21.308 INFO: Error-table on TRAIN and VALID:
+---------------+--------------------+-----------------+------------------+
|  config_type  | MAE E / meV / atom | MAE F / meV / A | relative F MAE % |
+---------------+--------------------+-----------------+------------------+
| train_Default |          44.3      |          0.1    |       100.00     |
| valid_Default |          44.5      |          0.1    |       100.00     |
+---------------+--------------------+-----------------+------------------+
2025-08-14 15:54:21.309 INFO: Evaluating Default_Default ...
2025-08-14 15:54:30.258 INFO: Error-table on TEST:
+-----------------+--------------------+-----------------+------------------+
|   config_type   | MAE E / meV / atom | MAE F / meV / A | relative F MAE % |
+-----------------+--------------------+-----------------+------------------+
| Default_Default |          46.5      |          0.1    |       100.00     |
+-----------------+--------------------+-----------------+------------------+
2025-08-14 15:54:33.002 INFO: Done
