2025-08-12 19:52:07.564 INFO: ===========VERIFYING SETTINGS===========
2025-08-12 19:52:08.273 INFO: MACE version: 0.3.14
2025-08-12 19:52:08.514 DEBUG: Configuration: Namespace(config='Mg11_config.yaml', name='MACE_boot_5', seed=123, work_dir='.', log_dir='./logs', model_dir='.', checkpoints_dir='./checkpoints', results_dir='MACE_Mg11', downloads_dir='./downloads', device='cpu', default_dtype='float64', distributed=False, launcher='slurm', log_level='INFO', plot=True, plot_frequency=0, plot_interaction_e=False, error_table='TotalMAE', model='MACE', r_max=9.0, radial_type='bessel', num_radial_basis=8, num_cutoff_basis=5, pair_repulsion=False, distance_transform='None', apply_cutoff=True, use_last_readout_only=False, use_embedding_readout=True, interaction='RealAgnosticResidualInteractionBlock', interaction_first='RealAgnosticResidualInteractionBlock', max_ell=3, correlation=3, use_reduced_cg=False, use_so3=False, use_agnostic_product=False, num_interactions=2, MLP_irreps='16x0e', radial_MLP='[64, 64, 64]', hidden_irreps=128x0e+128x1o, edge_irreps=None, num_channels=128, max_L=1, gate='silu', scaling='rms_forces_scaling', avg_num_neighbors=1, compute_avg_num_neighbors=True, compute_stress=False, compute_forces=True, compute_polarizability=<function str2bool at 0x147737c52700>, compute_atomic_dipole=<function str2bool at 0x147737c52700>, train_file='Mg11_train_main_boot_5.xyz', valid_file=None, valid_fraction=0.1, test_file='Mg11_test.xyz', test_dir=None, multi_processed_test=False, num_workers=16, pin_memory=True, atomic_numbers=None, mean=None, std=None, statistics_file=None, les_arguments=None, E0s='average', pseudolabel_replay=False, foundation_filter_elements=True, heads=None, multiheads_finetuning=True, foundation_head=None, weight_pt_head=1.0, real_pt_data_ratio_threshold=0.1, num_samples_pt=10000, force_mh_ft_lr=False, subselect_pt='random', filter_type_pt='none', allow_random_padding_pt=True, pt_train_file=None, pt_valid_file=None, foundation_model_elements=False, keep_isolated_atoms=False, energy_key='REF_energy', forces_key='REF_forces', virials_key='REF_virials', stress_key='REF_stress', dipole_key='dipole', polarizability_key='polarizability', head_key='head', charges_key='REF_charges', elec_temp_key='elec_temp', total_spin_key='total_spin', total_charge_key='charge', embedding_specs="{'total_charge': {'type': 'continuous', 'per': 'graph', 'in_dim': 1, 'emb_dim': 128, 'min': -3, 'max': 3}}", skip_evaluate_heads='pt_head', loss='weighted', forces_weight=100.0, swa_forces_weight=100.0, energy_weight=1.0, swa_energy_weight=1000.0, virials_weight=1.0, swa_virials_weight=10.0, stress_weight=1.0, swa_stress_weight=10.0, dipole_weight=1.0, swa_dipole_weight=1.0, swa_polarizability_weight=1.0, polarizability_weight=1.0, config_type_weights='{"Default":1.0}', huber_delta=0.01, optimizer='adam', beta=0.9, batch_size=32, valid_batch_size=32, lr=0.01, swa_lr=0.001, weight_decay=5e-07, amsgrad=True, scheduler='ReduceLROnPlateau', lr_factor=0.8, scheduler_patience=50, lr_scheduler_gamma=0.9993, swa=False, start_swa=None, lbfgs=False, ema=True, ema_decay=0.99, max_num_epochs=200, patience=20, foundation_model=None, foundation_model_readout=True, eval_interval=1, keep_checkpoints=False, save_all_checkpoints=False, restart_latest=False, save_cpu=False, clip_grad=10.0, dry_run=False, enable_cueq=False, only_cueq=False, enable_oeq=False, wandb=False, wandb_dir=None, wandb_project='', wandb_entity='', wandb_name='', wandb_log_hypers=['num_channels', 'max_L', 'correlation', 'lr', 'swa_lr', 'weight_decay', 'batch_size', 'max_num_epochs', 'start_swa', 'energy_weight', 'forces_weight'], key_specification=KeySpecification(info_keys={'energy': 'REF_energy', 'stress': 'REF_stress', 'virials': 'REF_virials', 'dipole': 'dipole', 'head': 'head', 'elec_temp': 'elec_temp', 'total_charge': 'charge', 'polarizability': 'polarizability', 'total_spin': 'total_spin'}, arrays_keys={'forces': 'REF_forces', 'charges': 'REF_charges'}))
2025-08-12 19:52:08.536 INFO: Using CPU
2025-08-12 19:53:19.119 DEBUG: Popen(['git', 'version'], cwd=/pfs/data6/home/ka/ka_iti/ka_ds7488/ase_ger/GeneticAlgorithm/MACE_runs/boot_5, stdin=None, shell=False, universal_newlines=False)
2025-08-12 19:53:19.616 DEBUG: Popen(['git', 'version'], cwd=/pfs/data6/home/ka/ka_iti/ka_ds7488/ase_ger/GeneticAlgorithm/MACE_runs/boot_5, stdin=None, shell=False, universal_newlines=False)
2025-08-12 19:53:20.544 DEBUG: sys.platform='linux', git_executable='git'
2025-08-12 19:53:22.203 DEBUG: Popen(['git', 'cat-file', '--batch-check'], cwd=/pfs/data6/home/ka/ka_iti/ka_ds7488/ase_ger/GeneticAlgorithm, stdin=<valid stream>, shell=False, universal_newlines=False)
2025-08-12 19:53:22.595 DEBUG: Current Git commit: 7c326663af6d587488b63e39a7aad6563c9db0ea
2025-08-12 19:53:22.618 INFO: ===========LOADING INPUT DATA===========
2025-08-12 19:53:22.628 INFO: Using heads: ['Default']
2025-08-12 19:53:22.628 INFO: Using the key specifications to parse data:
2025-08-12 19:53:22.629 INFO: Default: KeySpecification(info_keys={'energy': 'REF_energy', 'stress': 'REF_stress', 'virials': 'REF_virials', 'dipole': 'dipole', 'head': 'head', 'elec_temp': 'elec_temp', 'total_charge': 'charge', 'polarizability': 'polarizability', 'total_spin': 'total_spin'}, arrays_keys={'forces': 'REF_forces', 'charges': 'REF_charges'})
2025-08-12 19:53:22.629 INFO: =============    Processing head Default     ===========
2025-08-12 19:53:22.633 DEBUG: Loading training file: Mg11_train_main_boot_5.xyz
2025-08-12 21:04:42.793 INFO: Training set 1/1 [energy: 503, stress: 0, virials: 0, dipole components: 0, head: 503, elec_temp: 0, total_charge: 503, polarizability: 0, total_spin: 0, forces: 503, charges: 0]
2025-08-12 21:07:54.779 INFO: Total Training set [energy: 503, stress: 0, virials: 0, dipole components: 0, head: 503, elec_temp: 0, total_charge: 503, polarizability: 0, total_spin: 0, forces: 503, charges: 0]
2025-08-12 21:07:54.987 INFO: No validation set provided, splitting training data instead.
2025-08-12 21:07:58.309 INFO: Using random 10% of training set for validation with indices saved in: ./valid_indices_123.txt
2025-08-12 21:10:37.669 INFO: Random Split Training set [energy: 453, stress: 0, virials: 0, dipole components: 0, head: 453, elec_temp: 0, total_charge: 453, polarizability: 0, total_spin: 0, forces: 453, charges: 0]
2025-08-12 21:11:00.014 INFO: Random Split Validation set [energy: 50, stress: 0, virials: 0, dipole components: 0, head: 50, elec_temp: 0, total_charge: 50, polarizability: 0, total_spin: 0, forces: 50, charges: 0]
2025-08-12 21:33:23.851 INFO: Test set 1/1 [energy: 172, stress: 0, virials: 0, dipole components: 0, head: 172, elec_temp: 0, total_charge: 172, polarizability: 0, total_spin: 0, forces: 172, charges: 0]
2025-08-12 21:34:48.022 INFO: Total Test set [energy: 172, stress: 0, virials: 0, dipole components: 0, head: 172, elec_temp: 0, total_charge: 172, polarizability: 0, total_spin: 0, forces: 172, charges: 0]
2025-08-12 21:34:49.137 INFO: Total number of configurations: train=453, valid=50, tests=[Default_Default: 172],
2025-08-12 21:38:36.908 INFO: Atomic Numbers used: [12]
2025-08-12 21:38:37.886 INFO: Isolated Atomic Energies (E0s) not in training file, using command line argument
2025-08-12 21:38:38.708 INFO: Computing average Atomic Energies using least squares regression
2025-08-12 21:41:42.800 INFO: Atomic Energies used (z: eV) for head Default: {12: -22.454898021901407}
2025-08-12 21:41:43.371 INFO: Processing datasets for head 'Default'
2025-08-12 22:55:55.606 DEBUG: Successfully loaded dataset from ASE files: ['Mg11_train_main_boot_5.xyz']
2025-08-12 22:55:55.610 INFO: Combining 1 list datasets for head 'Default'
2025-08-12 22:55:55.641 INFO: Head 'Default' training dataset size: 453
2025-08-12 22:55:55.656 INFO: Computing average number of neighbors
2025-08-12 22:55:56.607 INFO: Average number of neighbors: 8.649756493506494
2025-08-12 22:55:56.608 INFO: During training the following quantities will be reported: energy, forces
2025-08-12 22:55:56.608 INFO: ===========MODEL DETAILS===========
2025-08-12 22:55:57.005 INFO: Using embedding specifications from command line arguments
2025-08-12 22:55:57.006 INFO: Embedding specifications: {'total_charge': {'type': 'continuous', 'per': 'graph', 'in_dim': 1, 'emb_dim': 128, 'min': -3, 'max': 3}}
2025-08-12 22:55:57.006 INFO: Building model
2025-08-12 22:55:57.006 INFO: Message passing with 128 channels and max_L=1 (128x0e+128x1o)
2025-08-12 22:55:57.006 INFO: 2 layers, each with correlation order: 3 (body order: 4) and spherical harmonics up to: l=3
2025-08-12 22:55:57.006 INFO: 8 radial and 5 basis functions
2025-08-12 22:55:57.006 INFO: Radial cutoff: 9.0 A (total receptive field for each atom: 18.0 A)
2025-08-12 22:55:57.006 INFO: Distance transform for radial basis functions: None
2025-08-12 22:55:57.006 INFO: Hidden irreps: 128x0e+128x1o
2025-08-12 22:56:39.144 DEBUG: ScaleShiftMACE(
  (node_embedding): LinearNodeEmbeddingBlock(
    (linear): Linear(1x0e -> 128x0e | 128 weights)
  )
  (joint_embedding): GenericJointEmbedding(
    (embedders): ModuleDict(
      (total_charge): Sequential(
        (0): Linear(in_features=1, out_features=128, bias=True)
        (1): SiLU()
        (2): Linear(in_features=128, out_features=128, bias=True)
      )
    )
    (project): Sequential(
      (0): Linear(in_features=128, out_features=128, bias=False)
      (1): SiLU()
    )
  )
  (embedding_readout): LinearReadoutBlock(
    (linear): Linear(128x0e -> 1x0e | 128 weights)
  )
  (radial_embedding): RadialEmbeddingBlock(
    (bessel_fn): BesselBasis(r_max=9.0, num_basis=8, trainable=False)
    (cutoff_fn): PolynomialCutoff(p=5, r_max=9.0)
  )
  (spherical_harmonics): SphericalHarmonics()
  (atomic_energies_fn): AtomicEnergiesBlock(energies=[[-22.4549]])
  (interactions): ModuleList(
    (0): RealAgnosticInteractionBlock(
      (linear_up): Linear(128x0e -> 128x0e | 16384 weights)
      (conv_tp): TensorProduct(128x0e x 1x0e+1x1o+1x2e+1x3o -> 128x0e+128x1o+128x2e+128x3o | 512 paths | 512 weights)
      (conv_tp_weights): FullyConnectedNet[8, 64, 64, 64, 512]
      (linear): Linear(128x0e+128x1o+128x2e+128x3o -> 128x0e+128x1o+128x2e+128x3o | 65536 weights)
      (skip_tp): FullyConnectedTensorProduct(128x0e+128x1o+128x2e+128x3o x 1x0e -> 128x0e+128x1o+128x2e+128x3o | 65536 paths | 65536 weights)
      (reshape): reshape_irreps()
    )
    (1): RealAgnosticResidualInteractionBlock(
      (linear_up): Linear(128x0e+128x1o -> 128x0e+128x1o | 32768 weights)
      (conv_tp): TensorProduct(128x0e+128x1o x 1x0e+1x1o+1x2e+1x3o -> 256x0e+384x1o+384x2e+256x3o | 1280 paths | 1280 weights)
      (conv_tp_weights): FullyConnectedNet[8, 64, 64, 64, 1280]
      (linear): Linear(128x0e+128x0e+128x1o+128x1o+128x1o+128x2e+128x2e+128x2e+128x3o+128x3o -> 128x0e+128x1o+128x2e+128x3o | 163840 weights)
      (skip_tp): FullyConnectedTensorProduct(128x0e+128x1o x 1x0e -> 128x0e | 16384 paths | 16384 weights)
      (reshape): reshape_irreps()
    )
  )
  (products): ModuleList(
    (0): EquivariantProductBasisBlock(
      (symmetric_contractions): SymmetricContraction(
        (contractions): ModuleList(
          (0): Contraction(
            (contractions_weighting): ModuleList(
              (0-1): 2 x GraphModule()
            )
            (contractions_features): ModuleList(
              (0-1): 2 x GraphModule()
            )
            (weights): ParameterList(
                (0): Parameter containing: [torch.float64 of size 1x4x128]
                (1): Parameter containing: [torch.float64 of size 1x1x128]
            )
            (graph_opt_main): GraphModule()
          )
          (1): Contraction(
            (contractions_weighting): ModuleList(
              (0-1): 2 x GraphModule()
            )
            (contractions_features): ModuleList(
              (0-1): 2 x GraphModule()
            )
            (weights): ParameterList(
                (0): Parameter containing: [torch.float64 of size 1x6x128]
                (1): Parameter containing: [torch.float64 of size 1x1x128]
            )
            (graph_opt_main): GraphModule()
          )
        )
      )
      (linear): Linear(128x0e+128x1o -> 128x0e+128x1o | 32768 weights)
    )
    (1): EquivariantProductBasisBlock(
      (symmetric_contractions): SymmetricContraction(
        (contractions): ModuleList(
          (0): Contraction(
            (contractions_weighting): ModuleList(
              (0-1): 2 x GraphModule()
            )
            (contractions_features): ModuleList(
              (0-1): 2 x GraphModule()
            )
            (weights): ParameterList(
                (0): Parameter containing: [torch.float64 of size 1x4x128]
                (1): Parameter containing: [torch.float64 of size 1x1x128]
            )
            (graph_opt_main): GraphModule()
          )
        )
      )
      (linear): Linear(128x0e -> 128x0e | 16384 weights)
    )
  )
  (readouts): ModuleList(
    (0): LinearReadoutBlock(
      (linear): Linear(128x0e+128x1o -> 1x0e | 128 weights)
    )
    (1): NonLinearReadoutBlock(
      (linear_1): Linear(128x0e -> 16x0e | 2048 weights)
      (non_linearity): Activation [x] (16x0e -> 16x0e)
      (linear_2): Linear(16x0e -> 1x0e | 16 weights)
    )
  )
  (scale_shift): ScaleShiftBlock(scale=0.0003, shift=0.0000)
)
2025-08-12 22:56:39.920 INFO: Total number of parameters: 591888
2025-08-12 22:56:39.924 INFO: 
2025-08-12 22:56:39.924 INFO: ===========OPTIMIZER INFORMATION===========
2025-08-12 22:56:39.924 INFO: Using ADAM as parameter optimizer
2025-08-12 22:56:39.924 INFO: Batch size: 32
2025-08-12 22:56:39.925 INFO: Using Exponential Moving Average with decay: 0.99
2025-08-12 22:56:39.925 INFO: Number of gradient updates: 2831
2025-08-12 22:56:39.925 INFO: Learning rate: 0.01, weight decay: 5e-07
2025-08-12 22:56:39.925 INFO: WeightedEnergyForcesLoss(energy_weight=1.000, forces_weight=100.000)
2025-08-12 22:56:40.354 INFO: Using gradient clipping with tolerance=10.000
2025-08-12 22:56:40.360 INFO: 
2025-08-12 22:56:40.360 INFO: ===========TRAINING===========
2025-08-12 22:56:40.360 INFO: Started training, reporting errors on validation set
2025-08-12 22:56:40.360 INFO: Loss metrics on validation set
2025-08-12 22:57:34.238 INFO: Initial: head: Default, loss=0.02576819, MAE_E= 6021.49 meV, MAE_F=    0.06 meV / A
2025-08-13 04:10:25.152 INFO: Epoch 0: head: Default, loss=0.00241410, MAE_E= 2328.55 meV, MAE_F=    0.06 meV / A
2025-08-13 04:10:25.191 DEBUG: Saving checkpoint: ./checkpoints/MACE_boot_5_run-123_epoch-0.pt
